F:\SD\CANTEEN MANAGEMENT\SD LAB\IGRAPHIC1.2VS10\DEBUG\IGRAPHIC1.2VS10.EXE
F:\SD\CANTEEN MANAGEMENT\SD LAB\IGRAPHIC1.2VS10\DEBUG\IGRAPHIC1.2VS10.ILK
F:\SD\CANTEEN MANAGEMENT\SD LAB\IGRAPHIC1.2VS10\DEBUG\IGRAPHIC1.2VS10.PDB
F:\sd\Canteen management\SD lab\iGraphic1.2VS10\iGraphic1.2VS10\Debug\cl.command.1.tlog
F:\sd\Canteen management\SD lab\iGraphic1.2VS10\iGraphic1.2VS10\Debug\CL.read.1.tlog
F:\sd\Canteen management\SD lab\iGraphic1.2VS10\iGraphic1.2VS10\Debug\CL.write.1.tlog
F:\SD\CANTEEN MANAGEMENT\SD LAB\IGRAPHIC1.2VS10\IGRAPHIC1.2VS10\DEBUG\IGRAPHIC1.2VS10.EXE.EMBED.MANIFEST
F:\SD\CANTEEN MANAGEMENT\SD LAB\IGRAPHIC1.2VS10\IGRAPHIC1.2VS10\DEBUG\IGRAPHIC1.2VS10.EXE.EMBED.MANIFEST.RES
F:\SD\CANTEEN MANAGEMENT\SD LAB\IGRAPHIC1.2VS10\IGRAPHIC1.2VS10\DEBUG\IGRAPHIC1.2VS10.EXE.INTERMEDIATE.MANIFEST
F:\sd\Canteen management\SD lab\iGraphic1.2VS10\iGraphic1.2VS10\Debug\iGraphic1.2VS10.vcxprojResolveAssemblyReference.cache
F:\sd\Canteen management\SD lab\iGraphic1.2VS10\iGraphic1.2VS10\Debug\iGraphic1.2VS10.write.1.tlog
F:\sd\Canteen management\SD lab\iGraphic1.2VS10\iGraphic1.2VS10\Debug\iGraphic1.2VS10_manifest.rc
F:\SD\CANTEEN MANAGEMENT\SD LAB\IGRAPHIC1.2VS10\IGRAPHIC1.2VS10\DEBUG\IMAIN.OBJ
F:\sd\Canteen management\SD lab\iGraphic1.2VS10\iGraphic1.2VS10\Debug\link.3796.read.1.tlog
F:\sd\Canteen management\SD lab\iGraphic1.2VS10\iGraphic1.2VS10\Debug\link.3796.write.1.tlog
F:\sd\Canteen management\SD lab\iGraphic1.2VS10\iGraphic1.2VS10\Debug\link.3796-cvtres.read.1.tlog
F:\sd\Canteen management\SD lab\iGraphic1.2VS10\iGraphic1.2VS10\Debug\link.3796-cvtres.write.1.tlog
F:\sd\Canteen management\SD lab\iGraphic1.2VS10\iGraphic1.2VS10\Debug\link.9320.read.1.tlog
F:\sd\Canteen management\SD lab\iGraphic1.2VS10\iGraphic1.2VS10\Debug\link.9320.write.1.tlog
F:\sd\Canteen management\SD lab\iGraphic1.2VS10\iGraphic1.2VS10\Debug\link.9320-cvtres.read.1.tlog
F:\sd\Canteen management\SD lab\iGraphic1.2VS10\iGraphic1.2VS10\Debug\link.9320-cvtres.write.1.tlog
F:\sd\Canteen management\SD lab\iGraphic1.2VS10\iGraphic1.2VS10\Debug\link.command.1.tlog
F:\sd\Canteen management\SD lab\iGraphic1.2VS10\iGraphic1.2VS10\Debug\link.read.1.tlog
F:\sd\Canteen management\SD lab\iGraphic1.2VS10\iGraphic1.2VS10\Debug\link.write.1.tlog
F:\sd\Canteen management\SD lab\iGraphic1.2VS10\iGraphic1.2VS10\Debug\link-cvtres.read.1.tlog
F:\sd\Canteen management\SD lab\iGraphic1.2VS10\iGraphic1.2VS10\Debug\link-cvtres.write.1.tlog
F:\sd\Canteen management\SD lab\iGraphic1.2VS10\iGraphic1.2VS10\Debug\mt.command.1.tlog
F:\sd\Canteen management\SD lab\iGraphic1.2VS10\iGraphic1.2VS10\Debug\mt.read.1.tlog
F:\sd\Canteen management\SD lab\iGraphic1.2VS10\iGraphic1.2VS10\Debug\mt.write.1.tlog
F:\sd\Canteen management\SD lab\iGraphic1.2VS10\iGraphic1.2VS10\Debug\rc.command.1.tlog
F:\sd\Canteen management\SD lab\iGraphic1.2VS10\iGraphic1.2VS10\Debug\rc.read.1.tlog
F:\sd\Canteen management\SD lab\iGraphic1.2VS10\iGraphic1.2VS10\Debug\rc.write.1.tlog
F:\sd\Canteen management\SD lab\iGraphic1.2VS10\iGraphic1.2VS10\Debug\vc100.idb
F:\SD\CANTEEN MANAGEMENT\SD LAB\IGRAPHIC1.2VS10\IGRAPHIC1.2VS10\DEBUG\VC100.PDB
